#
# There is insufficient memory for the Java Runtime Environment to continue.
# Native memory allocation (malloc) failed to allocate 32744 bytes for ChunkPool::allocate
# Possible reasons:
#   The system is out of physical RAM or swap space
#   The process is running with CompressedOops enabled, and the Java Heap may be blocking the growth of the native heap
# Possible solutions:
#   Reduce memory load on the system
#   Increase physical memory or swap space
#   Check if swap backing store is full
#   Decrease Java heap size (-Xmx/-Xms)
#   Decrease number of Java threads
#   Decrease Java thread stack sizes (-Xss)
#   Set larger code cache with -XX:ReservedCodeCacheSize=
#   JVM is running with Zero Based Compressed Oops mode in which the Java heap is
#     placed in the first 32GB address space. The Java Heap base address is the
#     maximum limit for the native heap growth. Please use -XX:HeapBaseMinAddress
#     to set the Java Heap base and to place the Java Heap above 32GB virtual address.
# This output file may be truncated or incomplete.
#
#  Out of Memory Error (allocation.cpp:273), pid=9560, tid=0x0000000000003818
#
# JRE version: Java(TM) SE Runtime Environment (8.0_192-b12) (build 1.8.0_192-b12)
# Java VM: Java HotSpot(TM) 64-Bit Server VM (25.192-b12 mixed mode windows-amd64 compressed oops)
# Failed to write core dump. Minidumps are not enabled by default on client versions of Windows
#

---------------  T H R E A D  ---------------

Current thread (0x000000001e81e800):  JavaThread "C1 CompilerThread3" daemon [_thread_in_native, id=14360, stack(0x000000001f2d0000,0x000000001f3d0000)]

Stack: [0x000000001f2d0000,0x000000001f3d0000]
[error occurred during error reporting (printing stack bounds), id 0xc0000005]

Native frames: (J=compiled Java code, j=interpreted, Vv=VM code, C=native code)


Current CompileTask:
C1:   1136  590       1       java.net.URLStreamHandler::parseURL (1193 bytes)


---------------  P R O C E S S  ---------------

Java Threads: ( => current thread )
  0x000000001fc1f800 JavaThread "RMI TCP Accept-0" daemon [_thread_in_native, id=22968, stack(0x0000000020210000,0x0000000020310000)]
  0x000000001fc13000 JavaThread "RMI TCP Accept-9457" daemon [_thread_in_native, id=6536, stack(0x0000000020110000,0x0000000020210000)]
  0x000000001fc03800 JavaThread "RMI TCP Accept-0" daemon [_thread_in_native, id=20856, stack(0x0000000020010000,0x0000000020110000)]
  0x000000001e89a000 JavaThread "Service Thread" daemon [_thread_blocked, id=7956, stack(0x000000001f3d0000,0x000000001f4d0000)]
=>0x000000001e81e800 JavaThread "C1 CompilerThread3" daemon [_thread_in_native, id=14360, stack(0x000000001f2d0000,0x000000001f3d0000)]
  0x000000001e812800 JavaThread "C2 CompilerThread2" daemon [_thread_blocked, id=824, stack(0x000000001f1d0000,0x000000001f2d0000)]
  0x000000001e80d800 JavaThread "C2 CompilerThread1" daemon [_thread_blocked, id=20336, stack(0x000000001f0d0000,0x000000001f1d0000)]
  0x000000001e808800 JavaThread "C2 CompilerThread0" daemon [_thread_blocked, id=4904, stack(0x000000001efd0000,0x000000001f0d0000)]
  0x000000001e802000 JavaThread "Attach Listener" daemon [_thread_blocked, id=19568, stack(0x000000001eed0000,0x000000001efd0000)]
  0x000000001e7ff800 JavaThread "Signal Dispatcher" daemon [_thread_blocked, id=17856, stack(0x000000001edd0000,0x000000001eed0000)]
  0x000000001e7f0800 JavaThread "Finalizer" daemon [_thread_blocked, id=21792, stack(0x000000001ebd0000,0x000000001ecd0000)]
  0x000000001c8ed800 JavaThread "Reference Handler" daemon [_thread_blocked, id=19492, stack(0x000000001e6d0000,0x000000001e7d0000)]
  0x0000000002d67000 JavaThread "main" [_thread_in_vm, id=9336, stack(0x0000000002c40000,0x0000000002d40000)]

Other Threads:
  0x000000001c8e9000 VMThread [stack: 0x000000001e5d0000,0x000000001e6d0000] [id=11064]
  0x000000001fc23800 WatcherThread [stack: 0x0000000020310000,0x0000000020410000] [id=2484]

VM state:not at safepoint (normal execution)

VM Mutex/Monitor currently owned by a thread: None

heap address: 0x00000006c1a00000, size: 4070 MB, Compressed Oops mode: Zero based, Oop shift amount: 3
Narrow klass base: 0x0000000000000000, Narrow klass shift: 3
Compressed class space size: 1073741824 Address: 0x00000007c0000000

Heap:
 PSYoungGen      total 76288K, used 22293K [0x000000076b380000, 0x0000000770880000, 0x00000007c0000000)
  eden space 65536K, 34% used [0x000000076b380000,0x000000076c945570,0x000000076f380000)
  from space 10752K, 0% used [0x000000076fe00000,0x000000076fe00000,0x0000000770880000)
  to   space 10752K, 0% used [0x000000076f380000,0x000000076f380000,0x000000076fe00000)
 ParOldGen       total 175104K, used 0K [0x00000006c1a00000, 0x00000006cc500000, 0x000000076b380000)
  object space 175104K, 0% used [0x00000006c1a00000,0x00000006c1a00000,0x00000006cc500000)
 Metaspace       used 9606K, capacity 9788K, committed 9984K, reserved 1058816K
  class space    used 1203K, capacity 1264K, committed 1280K, reserved 1048576K

Card table byte_map: [0x0000000012230000,0x0000000012a30000] byte_map_base: 0x000000000ec23000

Marking Bits: (ParMarkBitMap*) 0x00000000708b3ce0
 Begin Bits: [0x0000000013780000, 0x0000000017718000)
 End Bits:   [0x0000000017718000, 0x000000001b6b0000)

Polling page: 0x0000000002d40000

CodeCache: size=245760Kb used=1934Kb max_used=1934Kb free=243825Kb
 bounds [0x0000000002e70000, 0x00000000030e0000, 0x0000000011e70000]
 total_blobs=952 nmethods=591 adapters=274
 compilation: enabled

Compilation events (10 events):
Event: 1.066 Thread 0x000000001e81e800 nmethod 585 0x000000000304f810 code [0x000000000304f980, 0x000000000304fd08]
Event: 1.069 Thread 0x000000001e81e800  586  s    1       sun.misc.URLClassPath::getLookupCache (98 bytes)
Event: 1.069 Thread 0x000000001e81e800 nmethod 586 0x000000000304fed0 code [0x0000000003050060, 0x0000000003050458]
Event: 1.069 Thread 0x000000001e81e800  587       1       sun.misc.Launcher$AppClassLoader::loadClass (85 bytes)
Event: 1.070 Thread 0x000000001e81e800 nmethod 587 0x0000000003050590 code [0x0000000003050760, 0x0000000003050d28]
Event: 1.070 Thread 0x000000001e81e800  588  s    1       sun.misc.URLClassPath::knownToNotExist (24 bytes)
Event: 1.070 Thread 0x000000001e81e800 nmethod 588 0x0000000003051050 code [0x00000000030511c0, 0x00000000030514e8]
Event: 1.071 Thread 0x000000001e81e800  589       1       sun.net.www.protocol.file.Handler::parseURL (18 bytes)
Event: 1.071 Thread 0x000000001e81e800 nmethod 589 0x0000000003051590 code [0x0000000003051700, 0x0000000003051898]
Event: 1.071 Thread 0x000000001e81e800  590       1       java.net.URLStreamHandler::parseURL (1193 bytes)

GC Heap History (0 events):
No events

Deoptimization events (0 events):
No events

Classes redefined (0 events):
No events

Internal exceptions (10 events):
Event: 0.252 Thread 0x0000000002d67000 Exception <a 'java/lang/ArrayIndexOutOfBoundsException'> (0x000000076b62aaa0) thrown at [C:\workspace\8-2-build-windows-amd64-cygwin\jdk8u192\11897\hotspot\src\share\vm\runtime\sharedRuntime.cpp, line 605]
Event: 0.260 Thread 0x0000000002d67000 Exception <a 'java/lang/ArrayIndexOutOfBoundsException'> (0x000000076b63d418) thrown at [C:\workspace\8-2-build-windows-amd64-cygwin\jdk8u192\11897\hotspot\src\share\vm\runtime\sharedRuntime.cpp, line 605]
Event: 0.456 Thread 0x0000000002d67000 Exception <a 'java/security/PrivilegedActionException'> (0x000000076b68ae60) thrown at [C:\workspace\8-2-build-windows-amd64-cygwin\jdk8u192\11897\hotspot\src\share\vm\prims\jvm.cpp, line 1435]
Event: 0.456 Thread 0x0000000002d67000 Exception <a 'java/security/PrivilegedActionException'> (0x000000076b68b070) thrown at [C:\workspace\8-2-build-windows-amd64-cygwin\jdk8u192\11897\hotspot\src\share\vm\prims\jvm.cpp, line 1435]
Event: 0.457 Thread 0x0000000002d67000 Exception <a 'java/security/PrivilegedActionException'> (0x000000076b68ece0) thrown at [C:\workspace\8-2-build-windows-amd64-cygwin\jdk8u192\11897\hotspot\src\share\vm\prims\jvm.cpp, line 1435]
Event: 0.457 Thread 0x0000000002d67000 Exception <a 'java/security/PrivilegedActionException'> (0x000000076b68eef0) thrown at [C:\workspace\8-2-build-windows-amd64-cygwin\jdk8u192\11897\hotspot\src\share\vm\prims\jvm.cpp, line 1435]
Event: 0.842 Thread 0x0000000002d67000 Exception <a 'java/lang/ClassNotFoundException': javax/management/remote/rmi/RMIJRMPServerImpl$ExportedWrapper_Stub> (0x000000076b859540) thrown at [C:\workspace\8-2-build-windows-amd64-cygwin\jdk8u192\11897\hotspot\src\share\vm\classfile\systemDictionary
Event: 0.889 Thread 0x0000000002d67000 Exception <a 'java/lang/NoSuchFieldError': method resolution failed> (0x000000076b937278) thrown at [C:\workspace\8-2-build-windows-amd64-cygwin\jdk8u192\11897\hotspot\src\share\vm\prims\methodHandles.cpp, line 1167]
Event: 0.890 Thread 0x0000000002d67000 Exception <a 'java/lang/NoSuchFieldError': method resolution failed> (0x000000076b944a48) thrown at [C:\workspace\8-2-build-windows-amd64-cygwin\jdk8u192\11897\hotspot\src\share\vm\prims\methodHandles.cpp, line 1167]
Event: 1.067 Thread 0x0000000002d67000 Exception <a 'java/io/FileNotFoundException'> (0x000000076c2c2c38) thrown at [C:\workspace\8-2-build-windows-amd64-cygwin\jdk8u192\11897\hotspot\src\share\vm\prims\jni.cpp, line 709]

Events (10 events):
Event: 1.083 loading class java/text/DateFormatSymbols
Event: 1.083 loading class java/text/DateFormatSymbols done
Event: 1.083 loading class sun/util/locale/provider/DateFormatSymbolsProviderImpl
Event: 1.083 loading class sun/util/locale/provider/DateFormatSymbolsProviderImpl done
Event: 1.083 loading class java/text/NumberFormat
Event: 1.084 loading class java/text/NumberFormat done
Event: 1.084 loading class sun/util/locale/provider/NumberFormatProviderImpl
Event: 1.084 loading class sun/util/locale/provider/NumberFormatProviderImpl done
Event: 1.084 loading class java/text/DecimalFormat
Event: 1.084 loading class java/text/DecimalFormat done


Dynamic libraries:
0x00007ff649a90000 - 0x00007ff649ac7000 	C:\Program Files\Java\jre1.8.0_192\bin\javaw.exe
0x00007ff9d1a80000 - 0x00007ff9d1c61000 	C:\WINDOWS\SYSTEM32\ntdll.dll
0x00007ff9cfa60000 - 0x00007ff9cfb12000 	C:\WINDOWS\System32\KERNEL32.DLL
0x00007ff9ce130000 - 0x00007ff9ce3a3000 	C:\WINDOWS\System32\KERNELBASE.dll
0x00007ff9cfdd0000 - 0x00007ff9cfe71000 	C:\WINDOWS\System32\ADVAPI32.dll
0x00007ff9cf3c0000 - 0x00007ff9cf45e000 	C:\WINDOWS\System32\msvcrt.dll
0x00007ff9d1890000 - 0x00007ff9d18eb000 	C:\WINDOWS\System32\sechost.dll
0x00007ff9cf110000 - 0x00007ff9cf234000 	C:\WINDOWS\System32\RPCRT4.dll
0x00007ff9cfb20000 - 0x00007ff9cfcb0000 	C:\WINDOWS\System32\USER32.dll
0x00007ff9ce110000 - 0x00007ff9ce130000 	C:\WINDOWS\System32\win32u.dll
0x00007ff9cfda0000 - 0x00007ff9cfdc8000 	C:\WINDOWS\System32\GDI32.dll
0x00007ff9ce4b0000 - 0x00007ff9ce642000 	C:\WINDOWS\System32\gdi32full.dll
0x00007ff9cee10000 - 0x00007ff9ceeaf000 	C:\WINDOWS\System32\msvcp_win.dll
0x00007ff9ce3b0000 - 0x00007ff9ce4aa000 	C:\WINDOWS\System32\ucrtbase.dll
0x00007ff9bfe70000 - 0x00007ff9c00d9000 	C:\WINDOWS\WinSxS\amd64_microsoft.windows.common-controls_6595b64144ccf1df_6.0.17134.472_none_fb3f9af53068156d\COMCTL32.dll
0x00007ff9cff00000 - 0x00007ff9d0222000 	C:\WINDOWS\System32\combase.dll
0x00007ff9ce090000 - 0x00007ff9ce10a000 	C:\WINDOWS\System32\bcryptPrimitives.dll
0x00007ff9d0370000 - 0x00007ff9d039d000 	C:\WINDOWS\System32\IMM32.DLL
0x000000006ffb0000 - 0x0000000070081000 	C:\Program Files\Java\jre1.8.0_192\bin\msvcr100.dll
0x0000000070090000 - 0x0000000070933000 	C:\Program Files\Java\jre1.8.0_192\bin\server\jvm.dll
0x00007ff9cfa40000 - 0x00007ff9cfa48000 	C:\WINDOWS\System32\PSAPI.DLL
0x00007ff9c7e90000 - 0x00007ff9c7eb3000 	C:\WINDOWS\SYSTEM32\WINMM.dll
0x00007ff9c81a0000 - 0x00007ff9c81a9000 	C:\WINDOWS\SYSTEM32\WSOCK32.dll
0x00007ff9c9550000 - 0x00007ff9c955a000 	C:\WINDOWS\SYSTEM32\VERSION.dll
0x00007ff9d0300000 - 0x00007ff9d036c000 	C:\WINDOWS\System32\WS2_32.dll
0x00007ff9c7e10000 - 0x00007ff9c7e3a000 	C:\WINDOWS\SYSTEM32\WINMMBASE.dll
0x00007ff9ce040000 - 0x00007ff9ce089000 	C:\WINDOWS\System32\cfgmgr32.dll
0x00007ff9c7840000 - 0x00007ff9c784f000 	C:\Program Files\Java\jre1.8.0_192\bin\verify.dll
0x00007ff9c6cf0000 - 0x00007ff9c6d19000 	C:\Program Files\Java\jre1.8.0_192\bin\java.dll
0x00007ff9c7770000 - 0x00007ff9c7786000 	C:\Program Files\Java\jre1.8.0_192\bin\zip.dll
0x00007ff9d0450000 - 0x00007ff9d1890000 	C:\WINDOWS\System32\SHELL32.dll
0x00007ff9d0230000 - 0x00007ff9d02d9000 	C:\WINDOWS\System32\shcore.dll
0x00007ff9ce700000 - 0x00007ff9cee0d000 	C:\WINDOWS\System32\windows.storage.dll
0x00007ff9cef10000 - 0x00007ff9cef61000 	C:\WINDOWS\System32\shlwapi.dll
0x00007ff9cde10000 - 0x00007ff9cde21000 	C:\WINDOWS\System32\kernel.appcore.dll
0x00007ff9cdde0000 - 0x00007ff9cddff000 	C:\WINDOWS\System32\profapi.dll
0x00007ff9cdd90000 - 0x00007ff9cdddc000 	C:\WINDOWS\System32\powrprof.dll
0x00007ff9cde00000 - 0x00007ff9cde0a000 	C:\WINDOWS\System32\FLTLIB.DLL
0x00007ff9c68d0000 - 0x00007ff9c68dd000 	C:\Program Files\Java\jre1.8.0_192\bin\management.dll
0x00007ff9c67b0000 - 0x00007ff9c67ca000 	C:\Program Files\Java\jre1.8.0_192\bin\net.dll
0x00007ff9cd610000 - 0x00007ff9cd676000 	C:\WINDOWS\system32\mswsock.dll
0x00007ff9c6760000 - 0x00007ff9c6771000 	C:\Program Files\Java\jre1.8.0_192\bin\nio.dll
0x00007ff9ac4b0000 - 0x00007ff9ac4c6000 	C:\WINDOWS\system32\napinsp.dll
0x00007ff9ac3a0000 - 0x00007ff9ac3ba000 	C:\WINDOWS\system32\pnrpnsp.dll
0x00007ff9cb940000 - 0x00007ff9cb959000 	C:\WINDOWS\system32\NLAapi.dll
0x00007ff9cd3d0000 - 0x00007ff9cd48e000 	C:\WINDOWS\SYSTEM32\DNSAPI.dll
0x00007ff9d0440000 - 0x00007ff9d0448000 	C:\WINDOWS\System32\NSI.dll
0x00007ff9cd390000 - 0x00007ff9cd3c8000 	C:\WINDOWS\SYSTEM32\IPHLPAPI.DLL
0x00007ff9ad3a0000 - 0x00007ff9ad3ae000 	C:\WINDOWS\System32\winrnr.dll
0x00007ff9abf90000 - 0x00007ff9abfa5000 	C:\WINDOWS\System32\wshbth.dll
0x00007ff9c19f0000 - 0x00007ff9c19fa000 	C:\Windows\System32\rasadhlp.dll
0x00007ff9c1690000 - 0x00007ff9c1702000 	C:\WINDOWS\System32\fwpuclnt.dll
0x00007ff9cd8f0000 - 0x00007ff9cd915000 	C:\WINDOWS\SYSTEM32\bcrypt.dll
0x00007ff9cd7d0000 - 0x00007ff9cd7e7000 	C:\WINDOWS\SYSTEM32\CRYPTSP.dll
0x00007ff9cd1f0000 - 0x00007ff9cd223000 	C:\WINDOWS\system32\rsaenh.dll
0x00007ff9cdc90000 - 0x00007ff9cdcb8000 	C:\WINDOWS\SYSTEM32\USERENV.dll
0x00007ff9cd7c0000 - 0x00007ff9cd7cb000 	C:\WINDOWS\SYSTEM32\CRYPTBASE.dll
0x00007ff9c76c0000 - 0x00007ff9c76d6000 	C:\WINDOWS\SYSTEM32\dhcpcsvc6.DLL
0x00007ff9c77b0000 - 0x00007ff9c77ca000 	C:\WINDOWS\SYSTEM32\dhcpcsvc.DLL

VM Arguments:
jvm_args: -Dcom.sun.management.jmxremote -Dcom.sun.management.jmxremote.port=9457 -Dcom.sun.management.jmxremote.authenticate=false -Dcom.sun.management.jmxremote.ssl=false -Djava.rmi.server.hostname=localhost -Dspring.application.admin.enabled=true -Xverify:none -XX:TieredStopAtLevel=1 -Dfile.encoding=UTF-8 
java_command: com.projectK5.pabwe.ProyekPabweK5Application --spring.output.ansi.enabled=always
java_class_path (initial): Z:\Users\ASUS\Documents\workspace-spring-tool-suite-4-4.0.1.RELEASE\ProyekPABWE-K5\target\classes;C:\Users\ASUS\.m2\repository\org\springframework\boot\spring-boot-starter-data-jpa\2.1.1.RELEASE\spring-boot-starter-data-jpa-2.1.1.RELEASE.jar;C:\Users\ASUS\.m2\repository\org\springframework\boot\spring-boot-starter-aop\2.1.1.RELEASE\spring-boot-starter-aop-2.1.1.RELEASE.jar;C:\Users\ASUS\.m2\repository\org\aspectj\aspectjweaver\1.9.2\aspectjweaver-1.9.2.jar;C:\Users\ASUS\.m2\repository\javax\transaction\javax.transaction-api\1.3\javax.transaction-api-1.3.jar;C:\Users\ASUS\.m2\repository\javax\xml\bind\jaxb-api\2.3.1\jaxb-api-2.3.1.jar;C:\Users\ASUS\.m2\repository\javax\activation\javax.activation-api\1.2.0\javax.activation-api-1.2.0.jar;C:\Users\ASUS\.m2\repository\org\hibernate\hibernate-core\5.3.7.Final\hibernate-core-5.3.7.Final.jar;C:\Users\ASUS\.m2\repository\org\jboss\logging\jboss-logging\3.3.2.Final\jboss-logging-3.3.2.Final.jar;C:\Users\ASUS\.m2\repository\javax\persistence\javax.persistence-api\2.2\javax.persistence-api-2.2.jar;C:\Users\ASUS\.m2\repository\org\javassist\javassist\3.23.1-GA\javassist-3.23.1-GA.jar;C:\Users\ASUS\.m2\repository\net\bytebuddy\byte-buddy\1.9.5\byte-buddy-1.9.5.jar;C:\Users\ASUS\.m2\repository\antlr\antlr\2.7.7\antlr-2.7.7.jar;C:\Users\ASUS\.m2\repository\org\jboss\jandex\2.0.5.Final\jandex-2.0.5.Final.jar;C:\Users\ASUS\.m2\repository\com\fasterxml\classmate\1.4.0\classmate-1.4.0.jar;C:\Users\ASUS\.m2\repository\org\dom4j\dom4j\2.1.1\dom4j-2.1.1.jar;C:\Users\ASUS\.m2\repository\org\hibernate\common\hibernate-commons-annotations\5.0.4.Final\hibernate-commons-annotations-5.0.4.Final.jar;C:\Users\ASUS\.m2\repository\org\springframework\data\spring-data-jpa\2.1.3.RELEASE\spring-data-jpa-2.1.3.RELEASE.jar;C:\Users\ASUS\.m2\repository\org\springframework\data\spring-data-commons\2.1.3.RELEASE\spring-data-commons-2.1.3.RELEASE.jar;C:\Users\ASUS\.m2\repository\org\springframework\spring-orm\5.1.3.RELEASE\spri
Launcher Type: SUN_STANDARD

Environment Variables:
PATH=C:/Program Files/Java/jre1.8.0_192/bin/server;C:/Program Files/Java/jre1.8.0_192/bin;C:/Program Files/Java/jre1.8.0_192/lib/amd64;C:\Program Files (x86)\Common Files\Oracle\Java\javapath;C:\Program Files\Microsoft MPI\Bin\;C:\ProgramData\Oracle\Java\javapath;C:\Windows\system32;C:\Windows;C:\Windows\System32\Wbem;C:\Windows\System32\WindowsPowerShell\v1.0\;C:\Program Files (x86)\NVIDIA Corporation\PhysX\Common;C:\Program Files (x86)\QuickTime\QTSystem\;C:\WINDOWS\system32;C:\WINDOWS;C:\WINDOWS\System32\Wbem;C:\WINDOWS\System32\WindowsPowerShell\v1.0\;C:\Program Files\Java\jdk1.8.0_144\bin;C:\MinGW\bin;C:\Program Files (x86)\GtkSharp\2.12\bin;C:\Program Files (x86)\WeFi;C:\Program Files\Intel\WiFi\bin\;C:\Program Files\Common Files\Intel\WirelessCommon\;%QUARTUS_ROOTDIR%\bin;C:\Program Files\dotnet\;C:\WINDOWS\System32\OpenSSH\;Z:\nodejs\;Z:\xampp\php;C:\ProgramData\ComposerSetup\bin;C:\Users\ASUS\AppData\Local\Microsoft\WindowsApps;C:\Program Files\Intel\WiFi\bin\;C:\Program Files\Common Files\Intel\WirelessCommon\;C:\MinGW\bin;Z:\Microsoft VS Code\bin;C:\Users\ASUS\AppData\Roaming\npm;C:\Users\ASUS\AppData\Roaming\Composer\vendor\bin;C:\Program Files\Java\jdk1.8.0_102\bin;;Z:\Program Files\JetBrains\IntelliJ IDEA 2018.3.1\bin;;Z:\spring-tool-suite-4-4.0.1.RELEASE-e4.9.0-win32.win32.x86_64\sts-4.0.1.RELEASE;
USERNAME=ASUS
OS=Windows_NT
PROCESSOR_IDENTIFIER=Intel64 Family 6 Model 94 Stepping 3, GenuineIntel



---------------  S Y S T E M  ---------------

OS: Windows 10.0 , 64 bit Build 17134 (10.0.17134.1)

CPU:total 8 (initial active 8) (4 cores per cpu, 2 threads per core) family 6 model 94 stepping 3, cmov, cx8, fxsr, mmx, sse, sse2, sse3, ssse3, sse4.1, sse4.2, popcnt, avx, avx2, aes, clmul, erms, rtm, 3dnowpref, lzcnt, ht, tsc, tscinvbit, bmi1, bmi2, adx

Memory: 4k page, physical 16670240k(9281412k free), swap 32162156k(920k free)

vm_info: Java HotSpot(TM) 64-Bit Server VM (25.192-b12) for windows-amd64 JRE (1.8.0_192-b12), built on Oct  6 2018 17:12:23 by "java_re" with MS VC++ 10.0 (VS2010)

time: Sat Jan 05 13:23:04 2019
timezone: SE Asia Standard Time
elapsed time: 1 seconds (0d 0h 0m 1s)

